#
# A fatal error has been detected by the Java Runtime Environment:
#
#  EXCEPTION_ACCESS_VIOLATION (0xc0000005) at pc=0x00007ffd128467c1, pid=8932, tid=10052
#
# JRE version: OpenJDK Runtime Environment Temurin-17.0.1+12 (17.0.1+12) (build 17.0.1+12)
# Java VM: OpenJDK 64-Bit Server VM Temurin-17.0.1+12 (17.0.1+12, mixed mode, emulated-client, tiered, compressed oops, compressed class ptrs, g1 gc, windows-amd64)
# Problematic frame:
# V  [jvm.dll+0x3067c1]
#
# No core dump will be written. Minidumps are not enabled by default on client versions of Windows
#
# If you would like to submit a bug report, please visit:
#   https://github.com/adoptium/adoptium-support/issues
#

---------------  S U M M A R Y ------------

Command Line: -Dcom.sun.management.jmxremote -Dcom.sun.management.jmxremote.port=49961 -Dcom.sun.management.jmxremote.authenticate=false -Dcom.sun.management.jmxremote.ssl=false -Djava.rmi.server.hostname=localhost -Dspring.jmx.enabled=true -Dspring.application.admin.enabled=true -XX:TieredStopAtLevel=1 -Dspring.boot.project.name=spring_test -Dfile.encoding=UTF-8 -XX:+ShowCodeDetailsInExceptionMessages com.naim.spring_test.SpringTestApplication --spring.output.ansi.enabled=always

Host: Intel(R) Core(TM) i5-8250U CPU @ 1.60GHz, 8 cores, 7G,  Windows 10 , 64 bit Build 19041 (10.0.19041.1151)
Time: Tue Jan 25 22:17:57 2022 Bangladesh Standard Time elapsed time: 2.597976 seconds (0d 0h 0m 2s)

---------------  T H R E A D  ---------------

Current thread (0x0000027912bf6e20):  GCTaskThread "GC Thread#6" [stack: 0x000000f35b900000,0x000000f35ba00000] [id=10052]

Stack: [0x000000f35b900000,0x000000f35ba00000],  sp=0x000000f35b9ff7a0,  free space=1021k
Native frames: (J=compiled Java code, j=interpreted, Vv=VM code, C=native code)
V  [jvm.dll+0x3067c1]
V  [jvm.dll+0x30359e]
V  [jvm.dll+0x311ae3]
V  [jvm.dll+0x313b5e]
V  [jvm.dll+0x31212d]
V  [jvm.dll+0x31371a]
V  [jvm.dll+0x2de183]
V  [jvm.dll+0x2dfbab]
V  [jvm.dll+0x85b53b]
V  [jvm.dll+0x85b586]
V  [jvm.dll+0x7de51a]
V  [jvm.dll+0x673305]
C  [ucrtbase.dll+0x21bb2]
C  [KERNEL32.DLL+0x17034]
C  [ntdll.dll+0x52651]


siginfo: EXCEPTION_ACCESS_VIOLATION (0xc0000005), reading address 0x0000000008000000


Register to memory mapping:

RIP=0x00007ffd128467c1 jvm.dll
RAX=0x00000279036433d0 points into unknown readable memory: 0x0000000000000000 | 00 00 00 00 00 00 00 00
RBX=0x0000000082270129 is pointing into object: [Lorg.springframework.util.ConcurrentReferenceHashMap$Reference; 
{0x0000000082270110} - klass: 'org/springframework/util/ConcurrentReferenceHashMap$Reference'[]
 - length: 16
RCX=0x0 is NULL
RDX=0x0000000000000080 is an unknown value
RSP=0x000000f35b9ff7a0 points into unknown readable memory: 0x0000000000000000 | 00 00 00 00 00 00 00 00
RBP=0x0000000000000080 is an unknown value
RSI=0x0000000082270128 is pointing into object: [Lorg.springframework.util.ConcurrentReferenceHashMap$Reference; 
{0x0000000082270110} - klass: 'org/springframework/util/ConcurrentReferenceHashMap$Reference'[]
 - length: 16
RDI=0x0000027913b87ad0 points into unknown readable memory: 0x00007ffd12e94a88 | 88 4a e9 12 fd 7f 00 00
R8 =0x000000008473afb0 is an oop: org.springframework.util.ConcurrentReferenceHashMap$Entry 
{0x000000008473afb0} - klass: 'org/springframework/util/ConcurrentReferenceHashMap$Entry'
 - ---- fields (total size 3 words):
 - private final 'key' 'Ljava/lang/Object;' @12  a 'java/lang/reflect/Method'{0x000000008225b740} (8225b740)
 - private volatile 'value' 'Ljava/lang/Object;' @16  "themeResolver"{0x0000000081eccac0} (81eccac0)
R9 =0x000000008225b740 is an oop: java.lang.reflect.Method 
{0x000000008225b740} - klass: 'java/lang/reflect/Method'
 - ---- fields (total size 11 words):
 - 'override' 'Z' @12  false
 - volatile 'accessCheckCache' 'Ljava/lang/Object;' @16  NULL (0)
 - private volatile transient 'hasRealParameterData' 'Z' @13  false
 - private volatile transient 'parameters' '[Ljava/lang/reflect/Parameter;' @20  a 'java/lang/reflect/Parameter'[0] {0x0000000084788938} (84788938)
 - private volatile transient 'declaredAnnotations' 'Ljava/util/Map;' @24  a 'java/util/LinkedHashMap'{0x0000000084788878} (84788878)
 - private 'slot' 'I' @28  37 (25)
 - private synchronized 'modifiers' 'I' @32  1
 - private synchronized 'clazz' 'Ljava/lang/Class;' @36  a 'java/lang/Class'{0x000000008224b5c0} = 'org/springframework/web/servlet/config/annotation/WebMvcConfigurationSupport' (8224b5c0)
 - private 'name' 'Ljava/lang/String;' @40  "themeResolver"{0x0000000081eccac0} (81eccac0)
 - private 'returnType' 'Ljava/lang/Class;' @44  a 'java/lang/Class'{0x0000000081eccaf8} = 'org/springframework/web/servlet/ThemeResolver' (81eccaf8)
 - private 'parameterTypes' '[Ljava/lang/Class;' @48  a 'java/lang/Class'[0] {0x0000000082253678} (82253678)
 - private 'exceptionTypes' '[Ljava/lang/Class;' @52  a 'java/lang/Class'[0] {0x0000000081cb8f20} (81cb8f20)
 - private transient 'signature' 'Ljava/lang/String;' @56  NULL (0)
 - private transient 'genericInfo' 'Lsun/reflect/generics/repository/MethodRepository;' @60  NULL (0)
 - private 'annotations' '[B' @64  [B{0x0000000082253688} (82253688)
 - private 'parameterAnnotations' '[B' @68  NULL (0)
 - private 'annotationDefault' '[B' @72  NULL (0)
 - private volatile 'methodAccessor' 'Ljdk/internal/reflect/MethodAccessor;' @76  NULL (0)
 - private 'root' 'Ljava/lang/reflect/Method;' @80  a 'java/lang/reflect/Method'{0x0000000082253620} (82253620)
R10=0x0000000008000000 is an unknown value
R11=0x0000000000000001 is an unknown value
R12=0x000000f35b9ffa50 points into unknown readable memory: 0x00007ffd12e95bc8 | c8 5b e9 12 fd 7f 00 00
R13=0x00000279036179b0 points into unknown readable memory: 0x00000000000007e8 | e8 07 00 00 00 00 00 00
R14=0x0000000000000040 is an unknown value
R15=0x0 is NULL


Registers:
RAX=0x00000279036433d0, RBX=0x0000000082270129, RCX=0x0000000000000000, RDX=0x0000000000000080
RSP=0x000000f35b9ff7a0, RBP=0x0000000000000080, RSI=0x0000000082270128, RDI=0x0000027913b87ad0
R8 =0x000000008473afb0, R9 =0x000000008225b740, R10=0x0000000008000000, R11=0x0000000000000001
R12=0x000000f35b9ffa50, R13=0x00000279036179b0, R14=0x0000000000000040, R15=0x0000000000000000
RIP=0x00007ffd128467c1, EFLAGS=0x0000000000010246

Top of Stack: (sp=0x000000f35b9ff7a0)
0x000000f35b9ff7a0:   0000000000000000 0000000000410001
0x000000f35b9ff7b0:   0000000000000001 0000000000000001
0x000000f35b9ff7c0:   000000f35b9ff840 0000000000000000
0x000000f35b9ff7d0:   0000000000000000 00007ffd12850c55
0x000000f35b9ff7e0:   0000000082270420 000002790a1b5300
0x000000f35b9ff7f0:   0000000000000002 0000000000000080
0x000000f35b9ff800:   000000f35b9ffa50 0000000082270000
0x000000f35b9ff810:   0000027913b87ad0 00007ffd1284359e
0x000000f35b9ff820:   000002790143031c 000000f35b9ffa50
0x000000f35b9ff830:   000002790a1b0000 0000000000000002
0x000000f35b9ff840:   0000000001574d47 00000000f08fc1b2
0x000000f35b9ff850:   000000f35b9ffa50 0000000082270000
0x000000f35b9ff860:   0000000082270400 00007ffd12851ae3
0x000000f35b9ff870:   0000000082270000 000000f35b9ff890
0x000000f35b9ff880:   000000f35b9ff8a0 0000027903646210
0x000000f35b9ff890:   0000000082270000 0000000000000080 

Instructions: (pc=0x00007ffd128467c1)
0x00007ffd128466c1:   1b fd ff ff 66 66 66 0f 1f 84 00 00 00 00 00 48
0x00007ffd128466d1:   8b 77 10 8b ae 80 00 00 00 8b cd 8b 86 00 01 00
0x00007ffd128466e1:   00 2b c8 81 e1 ff ff 01 00 41 3b ce 0f 86 06 03
0x00007ffd128466f1:   00 00 ff cd 81 e5 ff ff 01 00 89 ae 80 00 00 00
0x00007ffd12846701:   e8 0a f3 35 00 8b 86 00 01 00 00 8b cd 48 8b 9e
0x00007ffd12846711:   80 01 00 00 2b c8 81 e1 ff ff 01 00 8b d5 81 f9
0x00007ffd12846721:   ff ff 01 00 48 8b 1c eb 41 0f 44 cf 85 c9 75 41
0x00007ffd12846731:   48 8b 86 00 01 00 00 48 8b c8 48 89 44 24 28 48
0x00007ffd12846741:   c1 e9 20 ff c1 89 6c 24 20 89 4c 24 24 3b e8 0f
0x00007ffd12846751:   85 91 02 00 00 48 c1 e1 20 48 0b ca f0 48 0f b1
0x00007ffd12846761:   8e 00 01 00 00 0f 85 7b 02 00 00 8b 86 00 01 00
0x00007ffd12846771:   00 f6 c3 01 0f 84 3c 01 00 00 8b 0d 57 6b 7f 00
0x00007ffd12846781:   48 8d 73 ff 48 8b 47 08 44 8b 16 49 d3 e2 4c 03
0x00007ffd12846791:   15 3a 6b 7f 00 8b 88 90 05 00 00 49 8b d2 48 8b
0x00007ffd128467a1:   80 80 05 00 00 48 d3 ea 0f b7 0c 50 66 89 8c 24
0x00007ffd128467b1:   90 00 00 00 66 c1 e9 08 84 c9 0f 88 0f ff ff ff
0x00007ffd128467c1:   4d 8b 02 41 0f b6 c0 24 03 3c 03 75 1e 44 38 3d
0x00007ffd128467d1:   4b 2a 86 00 74 0f 41 0f b6 c0 24 07 3c 05 75 05
0x00007ffd128467e1:   4d 8b c7 eb 1f 49 83 e0 fc eb 19 0f b7 94 24 90
0x00007ffd128467f1:   00 00 00 4d 8b c8 4d 8b c2 48 8b cf e8 1e ef ff
0x00007ffd12846801:   ff 4c 8b c0 8b 0d cd 6a 7f 00 49 8b d0 48 2b 15
0x00007ffd12846811:   bb 6a 7f 00 48 d3 ea 89 16 49 8b d0 8b 0d 7d 32
0x00007ffd12846821:   86 00 48 33 d6 48 d3 ea 48 85 d2 0f 84 9e fe ff
0x00007ffd12846831:   ff 48 8b 47 08 48 8b d6 8b 88 c0 01 00 00 48 8b
0x00007ffd12846841:   80 b0 01 00 00 48 d3 ea 48 8b 0c d0 8b 81 94 00
0x00007ffd12846851:   00 00 d1 e8 a8 01 0f 85 73 fe ff ff 48 8b 47 08
0x00007ffd12846861:   8b 88 90 05 00 00 48 8b 80 80 05 00 00 49 d3 e8
0x00007ffd12846871:   46 38 3c 40 0f 84 55 fe ff ff 48 8b 47 60 48 c1
0x00007ffd12846881:   ee 09 48 8b 58 40 48 8b 48 38 48 03 de 48 2b d9
0x00007ffd12846891:   48 39 9f b0 01 00 00 0f 84 32 fe ff ff 48 8d 14
0x00007ffd128468a1:   0b 48 8d 4f 18 e8 b5 40 00 00 48 89 9f b0 01 00
0x00007ffd128468b1:   00 e9 19 fe ff ff f6 c3 03 0f 85 16 01 00 00 48 


Stack slot to memory mapping:
stack at sp + 0 slots: 0x0 is NULL
stack at sp + 1 slots: 0x0000000000410001 is an unknown value
stack at sp + 2 slots: 0x0000000000000001 is an unknown value
stack at sp + 3 slots: 0x0000000000000001 is an unknown value
stack at sp + 4 slots: 0x000000f35b9ff840 points into unknown readable memory: 0x0000000001574d47 | 47 4d 57 01 00 00 00 00
stack at sp + 5 slots: 0x0 is NULL
stack at sp + 6 slots: 0x0 is NULL
stack at sp + 7 slots: 0x00007ffd12850c55 jvm.dll


---------------  P R O C E S S  ---------------

Threads class SMR info:
_java_thread_list=0x0000027913f5c560, length=24, elements={
0x0000027903607b30, 0x00000279113d73e0, 0x00000279113d8900, 0x00000279113f2b60,
0x0000027912020160, 0x00000279120225d0, 0x0000027912023a40, 0x0000027912024aa0,
0x000002791203d460, 0x000002791218f500, 0x00000279120a1c40, 0x00000279121c4a50,
0x0000027912227430, 0x00000279126986d0, 0x000002791274a110, 0x000002791274ae40,
0x000002791283c090, 0x0000027912886bd0, 0x00000279128a7700, 0x00000279128b4e40,
0x0000027912938800, 0x0000027913f293b0, 0x0000027913f29880, 0x0000027913f28070
}

Java Threads: ( => current thread )
  0x0000027903607b30 JavaThread "main" [_thread_blocked, id=6732, stack(0x000000f359800000,0x000000f359900000)]
  0x00000279113d73e0 JavaThread "Reference Handler" daemon [_thread_blocked, id=8164, stack(0x000000f359f00000,0x000000f35a000000)]
  0x00000279113d8900 JavaThread "Finalizer" daemon [_thread_blocked, id=10816, stack(0x000000f35a000000,0x000000f35a100000)]
  0x00000279113f2b60 JavaThread "Signal Dispatcher" daemon [_thread_blocked, id=12572, stack(0x000000f35a100000,0x000000f35a200000)]
  0x0000027912020160 JavaThread "Attach Listener" daemon [_thread_blocked, id=8424, stack(0x000000f35a200000,0x000000f35a300000)]
  0x00000279120225d0 JavaThread "Service Thread" daemon [_thread_blocked, id=11660, stack(0x000000f35a300000,0x000000f35a400000)]
  0x0000027912023a40 JavaThread "Monitor Deflation Thread" daemon [_thread_blocked, id=9004, stack(0x000000f35a400000,0x000000f35a500000)]
  0x0000027912024aa0 JavaThread "C1 CompilerThread0" daemon [_thread_blocked, id=13348, stack(0x000000f35a500000,0x000000f35a600000)]
  0x000002791203d460 JavaThread "Sweeper thread" daemon [_thread_blocked, id=13828, stack(0x000000f35a600000,0x000000f35a700000)]
  0x000002791218f500 JavaThread "Common-Cleaner" daemon [_thread_blocked, id=13916, stack(0x000000f35a700000,0x000000f35a800000)]
  0x00000279120a1c40 JavaThread "C1 CompilerThread1" daemon [_thread_blocked, id=4124, stack(0x000000f35a800000,0x000000f35a900000)]
  0x00000279121c4a50 JavaThread "C1 CompilerThread2" daemon [_thread_blocked, id=8208, stack(0x000000f35a900000,0x000000f35aa00000)]
  0x0000027912227430 JavaThread "Notification Thread" daemon [_thread_blocked, id=10520, stack(0x000000f35aa00000,0x000000f35ab00000)]
  0x00000279126986d0 JavaThread "RMI TCP Accept-0" daemon [_thread_in_native, id=4168, stack(0x000000f35ab00000,0x000000f35ac00000)]
  0x000002791274a110 JavaThread "RMI TCP Accept-49961" daemon [_thread_in_native, id=2996, stack(0x000000f35ac00000,0x000000f35ad00000)]
  0x000002791274ae40 JavaThread "RMI TCP Accept-0" daemon [_thread_in_native, id=12436, stack(0x000000f35ad00000,0x000000f35ae00000)]
  0x000002791283c090 JavaThread "RMI TCP Connection(1)-127.0.0.1" daemon [_thread_in_native, id=12932, stack(0x000000f35af00000,0x000000f35b000000)]
  0x0000027912886bd0 JavaThread "RMI Scheduler(0)" daemon [_thread_blocked, id=12636, stack(0x000000f35b000000,0x000000f35b100000)]
  0x00000279128a7700 JavaThread "RMI TCP Connection(2)-127.0.0.1" daemon [_thread_blocked, id=11728, stack(0x000000f35b100000,0x000000f35b200000)]
  0x00000279128b4e40 JavaThread "JMX server connection timeout 22" daemon [_thread_blocked, id=10196, stack(0x000000f35b200000,0x000000f35b300000)]
  0x0000027912938800 JavaThread "C1 CompilerThread3" daemon [_thread_blocked, id=1256, stack(0x000000f35b300000,0x000000f35b400000)]
  0x0000027913f293b0 JavaThread "Catalina-utility-1" [_thread_blocked, id=2396, stack(0x000000f35bd00000,0x000000f35be00000)]
  0x0000027913f29880 JavaThread "Catalina-utility-2" [_thread_blocked, id=5764, stack(0x000000f35bf00000,0x000000f35c000000)]
  0x0000027913f28070 JavaThread "container-0" [_thread_blocked, id=8768, stack(0x000000f35c000000,0x000000f35c100000)]

Other Threads:
  0x00000279113d0230 VMThread "VM Thread" [stack: 0x000000f359e00000,0x000000f359f00000] [id=3696]
  0x000002790365f2f0 WatcherThread [stack: 0x000000f35ae00000,0x000000f35af00000] [id=10452]
  0x0000027903645cb0 GCTaskThread "GC Thread#0" [stack: 0x000000f359900000,0x000000f359a00000] [id=13400]
  0x0000027912b7f720 GCTaskThread "GC Thread#1" [stack: 0x000000f35b400000,0x000000f35b500000] [id=9656]
  0x0000027912bcd270 GCTaskThread "GC Thread#2" [stack: 0x000000f35b500000,0x000000f35b600000] [id=12284]
  0x0000027912bf5e00 GCTaskThread "GC Thread#3" [stack: 0x000000f35b600000,0x000000f35b700000] [id=9052]
  0x0000027912bf68c0 GCTaskThread "GC Thread#4" [stack: 0x000000f35b700000,0x000000f35b800000] [id=11676]
  0x0000027912bf6b70 GCTaskThread "GC Thread#5" [stack: 0x000000f35b800000,0x000000f35b900000] [id=13860]
=>0x0000027912bf6e20 GCTaskThread "GC Thread#6" [stack: 0x000000f35b900000,0x000000f35ba00000] [id=10052]
  0x0000027912bfb0e0 GCTaskThread "GC Thread#7" [stack: 0x000000f35ba00000,0x000000f35bb00000] [id=12512]
  0x0000027903656fa0 ConcurrentGCThread "G1 Main Marker" [stack: 0x000000f359a00000,0x000000f359b00000] [id=7728]
  0x00000279036578c0 ConcurrentGCThread "G1 Conc#0" [stack: 0x000000f359b00000,0x000000f359c00000] [id=7936]
  0x0000027913992850 ConcurrentGCThread "G1 Conc#1" [stack: 0x000000f35be00000,0x000000f35bf00000] [id=12176]
  0x00000279112460e0 ConcurrentGCThread "G1 Refine#0" [stack: 0x000000f359c00000,0x000000f359d00000] [id=3344]
  0x0000027912bcd520 ConcurrentGCThread "G1 Refine#1" [stack: 0x000000f35bb00000,0x000000f35bc00000] [id=8284]
  0x00000279122c9100 ConcurrentGCThread "G1 Refine#2" [stack: 0x000000f35bc00000,0x000000f35bd00000] [id=12316]
  0x0000027911246910 ConcurrentGCThread "G1 Service" [stack: 0x000000f359d00000,0x000000f359e00000] [id=1028]

Threads with active compile tasks:

VM state: at safepoint (normal execution)

VM Mutex/Monitor currently owned by a thread:  ([mutex/lock_event])
[0x0000027903602ca0] Threads_lock - owner thread: 0x00000279113d0230
[0x0000027903602ee0] Heap_lock - owner thread: 0x0000027903607b30

Heap address: 0x0000000081800000, size: 2024 MB, Compressed Oops mode: 32-bit

CDS archive(s) not mapped
Compressed class space mapped at: 0x0000000100000000-0x0000000140000000, reserved size: 1073741824
Narrow klass base: 0x0000000000000000, Narrow klass shift: 3, Narrow klass range: 0x140000000

GC Precious Log:
 CPUs: 8 total, 8 available
 Memory: 8089M
 Large Page Support: Disabled
 NUMA Support: Disabled
 Compressed Oops: Enabled (32-bit)
 Heap Region Size: 1M
 Heap Min Capacity: 8M
 Heap Initial Capacity: 128M
 Heap Max Capacity: 2024M
 Pre-touch: Disabled
 Parallel Workers: 8
 Concurrent Workers: 2
 Concurrent Refinement Workers: 8
 Periodic GC: Disabled

Heap:
 garbage-first heap   total 69632K, used 34030K [0x0000000081800000, 0x0000000100000000)
  region size 1024K, 22 young (22528K), 3 survivors (3072K)
 Metaspace       used 35736K, committed 36096K, reserved 1081344K
  class space    used 4471K, committed 4672K, reserved 1048576K

Heap Regions: E=young(eden), S=young(survivor), O=old, HS=humongous(starts), HC=humongous(continues), CS=collection set, F=free, OA=open archive, CA=closed archive, TAMS=top-at-mark-start (previous, next)
|   0|0x0000000081800000, 0x0000000081900000, 0x0000000081900000|100%|HS|  |TAMS 0x0000000081900000, 0x0000000081900000| Complete 
|   1|0x0000000081900000, 0x0000000081a00000, 0x0000000081a00000|100%| O|  |TAMS 0x0000000081a00000, 0x0000000081a00000| Untracked 
|   2|0x0000000081a00000, 0x0000000081b00000, 0x0000000081b00000|100%| O|  |TAMS 0x0000000081b00000, 0x0000000081b00000| Untracked 
|   3|0x0000000081b00000, 0x0000000081c00000, 0x0000000081c00000|100%| O|  |TAMS 0x0000000081c00000, 0x0000000081c00000| Untracked 
|   4|0x0000000081c00000, 0x0000000081d00000, 0x0000000081d00000|100%| O|  |TAMS 0x0000000081d00000, 0x0000000081d00000| Untracked 
|   5|0x0000000081d00000, 0x0000000081e00000, 0x0000000081e00000|100%| O|  |TAMS 0x0000000081e00000, 0x0000000081e00000| Untracked 
|   6|0x0000000081e00000, 0x0000000081f00000, 0x0000000081f00000|100%| O|  |TAMS 0x0000000081e00000, 0x0000000081f00000| Untracked 
|   7|0x0000000081f00000, 0x0000000082000000, 0x0000000082000000|100%| O|  |TAMS 0x0000000081f00000, 0x0000000082000000| Untracked 
|   8|0x0000000082000000, 0x0000000082100000, 0x0000000082100000|100%| O|  |TAMS 0x0000000082000000, 0x0000000082100000| Untracked 
|   9|0x0000000082100000, 0x0000000082200000, 0x0000000082200000|100%| O|  |TAMS 0x0000000082100000, 0x0000000082200000| Untracked 
|  10|0x0000000082200000, 0x0000000082300000, 0x0000000082300000|100%| O|  |TAMS 0x0000000082200000, 0x0000000082300000| Untracked 
|  11|0x0000000082300000, 0x0000000082400000, 0x0000000082400000|100%| O|  |TAMS 0x0000000082300000, 0x0000000082400000| Untracked 
|  12|0x0000000082400000, 0x0000000082492c00, 0x0000000082500000| 57%| O|  |TAMS 0x0000000082400000, 0x0000000082492c00| Untracked 
|  13|0x0000000082500000, 0x0000000082600000, 0x0000000082600000|100%| O|  |TAMS 0x0000000082500000, 0x0000000082600000| Untracked 
|  14|0x0000000082600000, 0x0000000082600000, 0x0000000082700000|  0%| F|  |TAMS 0x0000000082600000, 0x0000000082600000| Untracked 
|  15|0x0000000082700000, 0x0000000082700000, 0x0000000082800000|  0%| F|  |TAMS 0x0000000082700000, 0x0000000082700000| Untracked 
|  16|0x0000000082800000, 0x0000000082800000, 0x0000000082900000|  0%| F|  |TAMS 0x0000000082800000, 0x0000000082800000| Untracked 
|  17|0x0000000082900000, 0x0000000082900000, 0x0000000082a00000|  0%| F|  |TAMS 0x0000000082900000, 0x0000000082900000| Untracked 
|  18|0x0000000082a00000, 0x0000000082a00000, 0x0000000082b00000|  0%| F|  |TAMS 0x0000000082a00000, 0x0000000082a00000| Untracked 
|  19|0x0000000082b00000, 0x0000000082b00000, 0x0000000082c00000|  0%| F|  |TAMS 0x0000000082b00000, 0x0000000082b00000| Untracked 
|  20|0x0000000082c00000, 0x0000000082c00000, 0x0000000082d00000|  0%| F|  |TAMS 0x0000000082c00000, 0x0000000082c00000| Untracked 
|  21|0x0000000082d00000, 0x0000000082d00000, 0x0000000082e00000|  0%| F|  |TAMS 0x0000000082d00000, 0x0000000082d00000| Untracked 
|  22|0x0000000082e00000, 0x0000000082e00000, 0x0000000082f00000|  0%| F|  |TAMS 0x0000000082e00000, 0x0000000082e00000| Untracked 
|  23|0x0000000082f00000, 0x0000000082f00000, 0x0000000083000000|  0%| F|  |TAMS 0x0000000082f00000, 0x0000000082f00000| Untracked 
|  24|0x0000000083000000, 0x0000000083000000, 0x0000000083100000|  0%| F|  |TAMS 0x0000000083000000, 0x0000000083000000| Untracked 
|  25|0x0000000083100000, 0x0000000083100000, 0x0000000083200000|  0%| F|  |TAMS 0x0000000083100000, 0x0000000083100000| Untracked 
|  26|0x0000000083200000, 0x0000000083200000, 0x0000000083300000|  0%| F|  |TAMS 0x0000000083200000, 0x0000000083200000| Untracked 
|  27|0x0000000083300000, 0x0000000083300000, 0x0000000083400000|  0%| F|  |TAMS 0x0000000083300000, 0x0000000083300000| Untracked 
|  28|0x0000000083400000, 0x0000000083400000, 0x0000000083500000|  0%| F|  |TAMS 0x0000000083400000, 0x0000000083400000| Untracked 
|  29|0x0000000083500000, 0x0000000083500000, 0x0000000083600000|  0%| F|  |TAMS 0x0000000083500000, 0x0000000083500000| Untracked 
|  30|0x0000000083600000, 0x0000000083600000, 0x0000000083700000|  0%| F|  |TAMS 0x0000000083600000, 0x0000000083600000| Untracked 
|  31|0x0000000083700000, 0x0000000083700000, 0x0000000083800000|  0%| F|  |TAMS 0x0000000083700000, 0x0000000083700000| Untracked 
|  32|0x0000000083800000, 0x00000000838a8fc0, 0x0000000083900000| 66%| E|CS|TAMS 0x0000000083800000, 0x00000000838a8fc0| Complete 
|  33|0x0000000083900000, 0x0000000083900000, 0x0000000083a00000|  0%| F|  |TAMS 0x0000000083900000, 0x0000000083900000| Untracked 
|  34|0x0000000083a00000, 0x0000000083a00000, 0x0000000083b00000|  0%| F|  |TAMS 0x0000000083a00000, 0x0000000083a00000| Untracked 
|  35|0x0000000083b00000, 0x0000000083b00000, 0x0000000083c00000|  0%| F|  |TAMS 0x0000000083b00000, 0x0000000083b00000| Untracked 
|  36|0x0000000083c00000, 0x0000000083c00000, 0x0000000083d00000|  0%| F|  |TAMS 0x0000000083c00000, 0x0000000083c00000| Untracked 
|  37|0x0000000083d00000, 0x0000000083d00000, 0x0000000083e00000|  0%| F|  |TAMS 0x0000000083d00000, 0x0000000083d00000| Untracked 
|  38|0x0000000083e00000, 0x0000000083e00000, 0x0000000083f00000|  0%| F|  |TAMS 0x0000000083e00000, 0x0000000083e00000| Untracked 
|  39|0x0000000083f00000, 0x0000000083f00000, 0x0000000084000000|  0%| F|  |TAMS 0x0000000083f00000, 0x0000000083f00000| Untracked 
|  40|0x0000000084000000, 0x0000000084000000, 0x0000000084100000|  0%| F|  |TAMS 0x0000000084000000, 0x0000000084000000| Untracked 
|  41|0x0000000084100000, 0x0000000084100000, 0x0000000084200000|  0%| F|  |TAMS 0x0000000084100000, 0x0000000084100000| Untracked 
|  42|0x0000000084200000, 0x0000000084200000, 0x0000000084300000|  0%| F|  |TAMS 0x0000000084200000, 0x0000000084200000| Untracked 
|  43|0x0000000084300000, 0x0000000084300000, 0x0000000084400000|  0%| F|  |TAMS 0x0000000084300000, 0x0000000084300000| Untracked 
|  44|0x0000000084400000, 0x0000000084400000, 0x0000000084500000|  0%| F|  |TAMS 0x0000000084400000, 0x0000000084400000| Untracked 
|  45|0x0000000084500000, 0x0000000084500000, 0x0000000084600000|  0%| F|  |TAMS 0x0000000084500000, 0x0000000084500000| Untracked 
|  46|0x0000000084600000, 0x0000000084611688, 0x0000000084700000|  6%| S|  |TAMS 0x0000000084600000, 0x0000000084600000| Complete 
|  47|0x0000000084700000, 0x0000000084800000, 0x0000000084800000|100%| S|  |TAMS 0x0000000084700000, 0x0000000084700000| Complete 
|  48|0x0000000084800000, 0x0000000084900000, 0x0000000084900000|100%| S|  |TAMS 0x0000000084800000, 0x0000000084800000| Complete 
|  49|0x0000000084900000, 0x0000000084a00000, 0x0000000084a00000|100%| E|CS|TAMS 0x0000000084900000, 0x0000000084a00000| Complete 
|  50|0x0000000084a00000, 0x0000000084b00000, 0x0000000084b00000|100%| E|CS|TAMS 0x0000000084a00000, 0x0000000084b00000| Complete 
|  51|0x0000000084b00000, 0x0000000084c00000, 0x0000000084c00000|100%| E|CS|TAMS 0x0000000084b00000, 0x0000000084c00000| Complete 
|  52|0x0000000084c00000, 0x0000000084d00000, 0x0000000084d00000|100%| E|CS|TAMS 0x0000000084c00000, 0x0000000084d00000| Complete 
|  53|0x0000000084d00000, 0x0000000084e00000, 0x0000000084e00000|100%| E|CS|TAMS 0x0000000084d00000, 0x0000000084e00000| Complete 
|  54|0x0000000084e00000, 0x0000000084f00000, 0x0000000084f00000|100%| E|CS|TAMS 0x0000000084e00000, 0x0000000084f00000| Complete 
|  55|0x0000000084f00000, 0x0000000085000000, 0x0000000085000000|100%| E|CS|TAMS 0x0000000084f00000, 0x0000000085000000| Complete 
|  56|0x0000000085000000, 0x0000000085100000, 0x0000000085100000|100%| E|CS|TAMS 0x0000000085000000, 0x0000000085100000| Complete 
|  57|0x0000000085100000, 0x0000000085200000, 0x0000000085200000|100%| E|CS|TAMS 0x0000000085100000, 0x0000000085200000| Complete 
|  58|0x0000000085200000, 0x0000000085300000, 0x0000000085300000|100%| E|CS|TAMS 0x0000000085200000, 0x0000000085300000| Complete 
|  59|0x0000000085300000, 0x0000000085400000, 0x0000000085400000|100%| E|CS|TAMS 0x0000000085300000, 0x0000000085400000| Complete 
|  60|0x0000000085400000, 0x0000000085500000, 0x0000000085500000|100%| E|CS|TAMS 0x0000000085400000, 0x0000000085500000| Complete 
|  61|0x0000000085500000, 0x0000000085600000, 0x0000000085600000|100%| E|CS|TAMS 0x0000000085500000, 0x0000000085600000| Complete 
|  62|0x0000000085600000, 0x0000000085700000, 0x0000000085700000|100%| E|CS|TAMS 0x0000000085600000, 0x0000000085700000| Complete 
|  63|0x0000000085700000, 0x0000000085800000, 0x0000000085800000|100%| E|CS|TAMS 0x0000000085700000, 0x0000000085800000| Complete 
|  64|0x0000000085800000, 0x0000000085900000, 0x0000000085900000|100%| E|CS|TAMS 0x0000000085800000, 0x0000000085900000| Complete 
| 122|0x0000000089200000, 0x0000000089300000, 0x0000000089300000|100%| E|CS|TAMS 0x0000000089200000, 0x0000000089300000| Complete 
| 123|0x0000000089300000, 0x0000000089400000, 0x0000000089400000|100%| E|CS|TAMS 0x0000000089300000, 0x0000000089400000| Complete 
| 127|0x0000000089700000, 0x0000000089800000, 0x0000000089800000|100%| E|CS|TAMS 0x0000000089700000, 0x0000000089800000| Complete 

Card table byte_map: [0x000002790a1b0000,0x000002790a5b0000] _byte_map_base: 0x0000027909da4000

Marking Bits (Prev, Next): (CMBitMap*) 0x0000027903646210, (CMBitMap*) 0x00000279036461d0
 Prev Bits: [0x000002790c950000, 0x000002790e8f0000)
 Next Bits: [0x000002790a9b0000, 0x000002790c950000)

Polling page: 0x0000027901510000

Metaspace:

Usage:
  Non-class:     30.53 MB used.
      Class:      4.37 MB used.
       Both:     34.90 MB used.

Virtual space:
  Non-class space:       32.00 MB reserved,      30.69 MB ( 96%) committed,  4 nodes.
      Class space:        1.00 GB reserved,       4.56 MB ( <1%) committed,  1 nodes.
             Both:        1.03 GB reserved,      35.25 MB (  3%) committed. 

Chunk freelists:
   Non-Class:  640.00 KB
       Class:  3.47 MB
        Both:  4.09 MB

MaxMetaspaceSize: unlimited
CompressedClassSpaceSize: 1.00 GB
Initial GC threshold: 21.00 MB
Current GC threshold: 35.25 MB
CDS: off
MetaspaceReclaimPolicy: balanced
 - commit_granule_bytes: 65536.
 - commit_granule_words: 8192.
 - virtual_space_node_default_size: 1048576.
 - enlarge_chunks_in_place: 1.
 - new_chunks_are_fully_committed: 0.
 - uncommit_free_chunks: 1.
 - use_allocation_guard: 0.
 - handle_deallocations: 1.


Internal statistics:

num_allocs_failed_limit: 6.
num_arena_births: 424.
num_arena_deaths: 0.
num_vsnodes_births: 5.
num_vsnodes_deaths: 0.
num_space_committed: 564.
num_space_uncommitted: 0.
num_chunks_returned_to_freelist: 6.
num_chunks_taken_from_freelist: 1388.
num_chunk_merges: 6.
num_chunk_splits: 917.
num_chunks_enlarged: 659.
num_purges: 0.
num_inconsistent_stats: 0.

CodeCache: size=49152Kb used=8080Kb max_used=8080Kb free=41071Kb
 bounds [0x0000027906ca0000, 0x0000027907490000, 0x0000027909ca0000]
 total_blobs=3893 nmethods=3404 adapters=412
 compilation: enabled
              stopped_count=0, restarted_count=0
 full_count=0

Compilation events (20 events):
Event: 2.243 Thread 0x0000027912938800 3395       1       org.springframework.boot.context.properties.bind.AbstractBindHandler::onFinish (15 bytes)
Event: 2.244 Thread 0x00000279121c4a50 3396       1       java.lang.ThreadLocal::remove (18 bytes)
Event: 2.244 Thread 0x0000027912938800 nmethod 3395 0x0000027907480890 code [0x0000027907480a20, 0x0000027907480b08]
Event: 2.244 Thread 0x00000279121c4a50 nmethod 3396 0x0000027907480b90 code [0x0000027907480d20, 0x0000027907480e28]
Event: 2.245 Thread 0x0000027912938800 3397       1       org.apache.catalina.core.StandardContext::getTldValidation (5 bytes)
Event: 2.245 Thread 0x00000279120a1c40 3398       1       org.apache.catalina.core.StandardContext::getXmlBlockExternal (5 bytes)
Event: 2.245 Thread 0x00000279120a1c40 nmethod 3398 0x0000027907480f10 code [0x00000279074810a0, 0x0000027907481178]
Event: 2.245 Thread 0x0000027912938800 nmethod 3397 0x0000027907481210 code [0x00000279074813a0, 0x0000027907481478]
Event: 2.245 Thread 0x0000027912938800 3399       1       org.springframework.boot.context.properties.source.ConfigurationPropertyName::buildToString (138 bytes)
Event: 2.246 Thread 0x0000027912938800 nmethod 3399 0x0000027907481510 code [0x0000027907481760, 0x0000027907481cb8]
Event: 2.246 Thread 0x0000027912938800 3400       1       org.apache.catalina.security.SecurityUtil::isPackageProtectionEnabled (16 bytes)
Event: 2.246 Thread 0x0000027912938800 nmethod 3400 0x0000027907482090 code [0x0000027907482220, 0x00000279074822d8]
Event: 2.246 Thread 0x0000027912938800 3403       1       org.springframework.boot.context.properties.source.SystemEnvironmentPropertyMapper::convertName (62 bytes)
Event: 2.246 Thread 0x00000279120a1c40 3401       1       org.springframework.boot.context.properties.source.SystemEnvironmentPropertyMapper::map (41 bytes)
Event: 2.246 Thread 0x0000027912024aa0 3404       1       org.springframework.boot.context.properties.source.SystemEnvironmentPropertyMapper::convertLegacyName (60 bytes)
Event: 2.246 Thread 0x00000279121c4a50 3402       1       org.springframework.boot.context.properties.source.SystemEnvironmentPropertyMapper::convertName (10 bytes)
Event: 2.246 Thread 0x00000279121c4a50 nmethod 3402 0x0000027907482390 code [0x0000027907482520, 0x0000027907482608]
Event: 2.246 Thread 0x00000279120a1c40 nmethod 3401 0x0000027907482710 code [0x0000027907482900, 0x0000027907482e48]
Event: 2.246 Thread 0x0000027912024aa0 nmethod 3404 0x0000027907483090 code [0x00000279074832c0, 0x0000027907483738]
Event: 2.246 Thread 0x0000027912938800 nmethod 3403 0x0000027907483a90 code [0x0000027907483ca0, 0x00000279074840b8]

GC Heap History (19 events):
Event: 0.667 GC heap before
{Heap before GC invocations=0 (full 0):
 garbage-first heap   total 131072K, used 24576K [0x0000000081800000, 0x0000000100000000)
  region size 1024K, 23 young (23552K), 0 survivors (0K)
 Metaspace       used 15416K, committed 15616K, reserved 1064960K
  class space    used 1638K, committed 1728K, reserved 1048576K
}
Event: 0.673 GC heap after
{Heap after GC invocations=1 (full 0):
 garbage-first heap   total 131072K, used 6936K [0x0000000081800000, 0x0000000100000000)
  region size 1024K, 3 young (3072K), 3 survivors (3072K)
 Metaspace       used 15416K, committed 15616K, reserved 1064960K
  class space    used 1638K, committed 1728K, reserved 1048576K
}
Event: 0.986 GC heap before
{Heap before GC invocations=1 (full 0):
 garbage-first heap   total 131072K, used 27416K [0x0000000081800000, 0x0000000100000000)
  region size 1024K, 24 young (24576K), 3 survivors (3072K)
 Metaspace       used 20556K, committed 20800K, reserved 1073152K
  class space    used 2375K, committed 2496K, reserved 1048576K
}
Event: 0.990 GC heap after
{Heap after GC invocations=2 (full 0):
 garbage-first heap   total 131072K, used 8844K [0x0000000081800000, 0x0000000100000000)
  region size 1024K, 2 young (2048K), 2 survivors (2048K)
 Metaspace       used 20556K, committed 20800K, reserved 1073152K
  class space    used 2375K, committed 2496K, reserved 1048576K
}
Event: 1.014 GC heap before
{Heap before GC invocations=2 (full 0):
 garbage-first heap   total 131072K, used 11916K [0x0000000081800000, 0x0000000100000000)
  region size 1024K, 6 young (6144K), 2 survivors (2048K)
 Metaspace       used 21312K, committed 21504K, reserved 1073152K
  class space    used 2452K, committed 2560K, reserved 1048576K
}
Event: 1.017 GC heap after
{Heap after GC invocations=3 (full 0):
 garbage-first heap   total 131072K, used 8767K [0x0000000081800000, 0x0000000100000000)
  region size 1024K, 2 young (2048K), 2 survivors (2048K)
 Metaspace       used 21312K, committed 21504K, reserved 1073152K
  class space    used 2452K, committed 2560K, reserved 1048576K
}
Event: 1.185 GC heap before
{Heap before GC invocations=4 (full 0):
 garbage-first heap   total 34816K, used 26175K [0x0000000081800000, 0x0000000100000000)
  region size 1024K, 21 young (21504K), 2 survivors (2048K)
 Metaspace       used 25543K, committed 25792K, reserved 1073152K
  class space    used 3022K, committed 3136K, reserved 1048576K
}
Event: 1.189 GC heap after
{Heap after GC invocations=5 (full 0):
 garbage-first heap   total 34816K, used 9882K [0x0000000081800000, 0x0000000100000000)
  region size 1024K, 3 young (3072K), 3 survivors (3072K)
 Metaspace       used 25543K, committed 25792K, reserved 1073152K
  class space    used 3022K, committed 3136K, reserved 1048576K
}
Event: 1.194 GC heap before
{Heap before GC invocations=5 (full 0):
 garbage-first heap   total 34816K, used 9882K [0x0000000081800000, 0x0000000100000000)
  region size 1024K, 4 young (4096K), 3 survivors (3072K)
 Metaspace       used 25618K, committed 25920K, reserved 1073152K
  class space    used 3036K, committed 3200K, reserved 1048576K
}
Event: 1.198 GC heap after
{Heap after GC invocations=6 (full 0):
 garbage-first heap   total 34816K, used 10078K [0x0000000081800000, 0x0000000100000000)
  region size 1024K, 1 young (1024K), 1 survivors (1024K)
 Metaspace       used 25618K, committed 25920K, reserved 1073152K
  class space    used 3036K, committed 3200K, reserved 1048576K
}
Event: 1.201 GC heap before
{Heap before GC invocations=6 (full 0):
 garbage-first heap   total 34816K, used 23390K [0x0000000081800000, 0x0000000100000000)
  region size 1024K, 15 young (15360K), 1 survivors (1024K)
 Metaspace       used 25641K, committed 25984K, reserved 1073152K
  class space    used 3040K, committed 3200K, reserved 1048576K
}
Event: 1.202 GC heap after
{Heap after GC invocations=7 (full 0):
 garbage-first heap   total 69632K, used 9790K [0x0000000081800000, 0x0000000100000000)
  region size 1024K, 1 young (1024K), 1 survivors (1024K)
 Metaspace       used 25641K, committed 25984K, reserved 1073152K
  class space    used 3040K, committed 3200K, reserved 1048576K
}
Event: 1.406 GC heap before
{Heap before GC invocations=7 (full 0):
 garbage-first heap   total 69632K, used 45630K [0x0000000081800000, 0x0000000100000000)
  region size 1024K, 37 young (37888K), 1 survivors (1024K)
 Metaspace       used 26862K, committed 27136K, reserved 1073152K
  class space    used 3208K, committed 3328K, reserved 1048576K
}
Event: 1.408 GC heap after
{Heap after GC invocations=8 (full 0):
 garbage-first heap   total 69632K, used 11018K [0x0000000081800000, 0x0000000100000000)
  region size 1024K, 2 young (2048K), 2 survivors (2048K)
 Metaspace       used 26862K, committed 27136K, reserved 1073152K
  class space    used 3208K, committed 3328K, reserved 1048576K
}
Event: 1.909 GC heap before
{Heap before GC invocations=8 (full 0):
 garbage-first heap   total 69632K, used 48906K [0x0000000081800000, 0x0000000100000000)
  region size 1024K, 40 young (40960K), 2 survivors (2048K)
 Metaspace       used 32693K, committed 32960K, reserved 1081344K
  class space    used 4032K, committed 4160K, reserved 1048576K
}
Event: 1.916 GC heap after
{Heap after GC invocations=9 (full 0):
 garbage-first heap   total 69632K, used 14108K [0x0000000081800000, 0x0000000100000000)
  region size 1024K, 5 young (5120K), 5 survivors (5120K)
 Metaspace       used 32693K, committed 32960K, reserved 1081344K
  class space    used 4032K, committed 4160K, reserved 1048576K
}
Event: 1.954 GC heap before
{Heap before GC invocations=9 (full 0):
 garbage-first heap   total 69632K, used 48924K [0x0000000081800000, 0x0000000100000000)
  region size 1024K, 40 young (40960K), 5 survivors (5120K)
 Metaspace       used 32874K, committed 33216K, reserved 1081344K
  class space    used 4053K, committed 4224K, reserved 1048576K
}
Event: 1.960 GC heap after
{Heap after GC invocations=10 (full 0):
 garbage-first heap   total 69632K, used 14574K [0x0000000081800000, 0x0000000100000000)
  region size 1024K, 1 young (1024K), 1 survivors (1024K)
 Metaspace       used 32874K, committed 33216K, reserved 1081344K
  class space    used 4053K, committed 4224K, reserved 1048576K
}
Event: 2.249 GC heap before
{Heap before GC invocations=10 (full 0):
 garbage-first heap   total 69632K, used 33006K [0x0000000081800000, 0x0000000100000000)
  region size 1024K, 20 young (20480K), 1 survivors (1024K)
 Metaspace       used 35736K, committed 36096K, reserved 1081344K
  class space    used 4471K, committed 4672K, reserved 1048576K
}

Deoptimization events (6 events):
Event: 0.633 Thread 0x0000027903607b30 DEOPT PACKING pc=0x0000027906f59175 sp=0x000000f3598fd670
Event: 0.633 Thread 0x0000027903607b30 DEOPT UNPACKING pc=0x0000027906cf2b43 sp=0x000000f3598fcac8 mode 3
Event: 1.063 Thread 0x0000027903607b30 DEOPT PACKING pc=0x000002790722e899 sp=0x000000f3598fd1a0
Event: 1.063 Thread 0x0000027903607b30 DEOPT UNPACKING pc=0x0000027906cf2b43 sp=0x000000f3598fc680 mode 3
Event: 1.599 Thread 0x0000027903607b30 DEOPT PACKING pc=0x0000027907386375 sp=0x000000f3598fdd70
Event: 1.599 Thread 0x0000027903607b30 DEOPT UNPACKING pc=0x0000027906cf2b43 sp=0x000000f3598fd1e0 mode 3

Classes unloaded (0 events):
No events

Classes redefined (0 events):
No events

Internal exceptions (20 events):
Event: 1.761 Thread 0x0000027903607b30 Exception <a 'java/lang/IncompatibleClassChangeError'{0x00000000846c0a80}: Found class java.lang.Object, but interface was expected> (0x00000000846c0a80) 
thrown [e:\jenkins\tmp\workspace\build\src\src\hotspot\share\interpreter\linkResolver.cpp, line 833]
Event: 1.762 Thread 0x0000027903607b30 Exception <a 'java/lang/NoSuchMethodError'{0x00000000846c5c08}: 'void java.lang.invoke.DirectMethodHandle$Holder.invokeStatic(java.lang.Object, int, java.lang.Object)'> (0x00000000846c5c08) 
thrown [e:\jenkins\tmp\workspace\build\src\src\hotspot\share\interpreter\linkResolver.cpp, line 766]
Event: 1.764 Thread 0x0000027903607b30 Exception <a 'java/lang/NoSuchMethodError'{0x00000000846f4c38}: 'int java.lang.invoke.DirectMethodHandle$Holder.invokeSpecial(java.lang.Object, java.lang.Object, int)'> (0x00000000846f4c38) 
thrown [e:\jenkins\tmp\workspace\build\src\src\hotspot\share\interpreter\linkResolver.cpp, line 766]
Event: 1.945 Thread 0x0000027903607b30 Exception <a 'java/io/FileNotFoundException'{0x0000000083a78fa0}> (0x0000000083a78fa0) 
thrown [e:\jenkins\tmp\workspace\build\src\src\hotspot\share\prims\jni.cpp, line 516]
Event: 1.972 Thread 0x0000027903607b30 Exception <a 'java/lang/NoSuchMethodError'{0x00000000897bcdb0}: 'int java.lang.invoke.DirectMethodHandle$Holder.invokeInterface(java.lang.Object, java.lang.Object, java.lang.Object, java.lang.Object)'> (0x00000000897bcdb0) 
thrown [e:\jenkins\tmp\workspace\build\src\src\hotspot\share\interpreter\linkResolver.cpp, line 766]
Event: 2.035 Thread 0x0000027903607b30 Exception <a 'java/lang/ClassNotFoundException'{0x0000000085783968}: java/lang/ObjectCustomizer> (0x0000000085783968) 
thrown [e:\jenkins\tmp\workspace\build\src\src\hotspot\share\classfile\systemDictionary.cpp, line 256]
Event: 2.036 Thread 0x0000027903607b30 Exception <a 'java/lang/ClassNotFoundException'{0x000000008578bdf8}: org/springframework/web/servlet/config/annotation/WebMvcConfigurationSupportCustomizer> (0x000000008578bdf8) 
thrown [e:\jenkins\tmp\workspace\build\src\src\hotspot\share\classfile\systemDictionary.cpp, line 256]
Event: 2.037 Thread 0x0000027903607b30 Exception <a 'java/lang/ClassNotFoundException'{0x00000000857a0690}: org/springframework/web/servlet/config/annotation/DelegatingWebMvcConfigurationCustomizer> (0x00000000857a0690) 
thrown [e:\jenkins\tmp\workspace\build\src\src\hotspot\share\classfile\systemDictionary.cpp, line 256]
Event: 2.038 Thread 0x0000027903607b30 Exception <a 'java/lang/ClassNotFoundException'{0x00000000857aa370}: org/springframework/boot/autoconfigure/web/servlet/WebMvcAutoConfiguration$EnableWebMvcConfigurationCustomizer> (0x00000000857aa370) 
thrown [e:\jenkins\tmp\workspace\build\src\src\hotspot\share\classfile\systemDictionary.cpp, line 256]
Event: 2.038 Thread 0x0000027903607b30 Exception <a 'java/lang/ClassNotFoundException'{0x00000000857bdfc8}: org/springframework/context/ResourceLoaderAwareCustomizer> (0x00000000857bdfc8) 
thrown [e:\jenkins\tmp\workspace\build\src\src\hotspot\share\classfile\systemDictionary.cpp, line 256]
Event: 2.039 Thread 0x0000027903607b30 Exception <a 'java/lang/ClassNotFoundException'{0x00000000857c3440}: org/springframework/beans/factory/AwareCustomizer> (0x00000000857c3440) 
thrown [e:\jenkins\tmp\workspace\build\src\src\hotspot\share\classfile\systemDictionary.cpp, line 256]
Event: 2.039 Thread 0x0000027903607b30 Exception <a 'java/lang/ClassNotFoundException'{0x00000000857c7cd8}: org/springframework/context/ApplicationContextAwareCustomizer> (0x00000000857c7cd8) 
thrown [e:\jenkins\tmp\workspace\build\src\src\hotspot\share\classfile\systemDictionary.cpp, line 256]
Event: 2.039 Thread 0x0000027903607b30 Exception <a 'java/lang/ClassNotFoundException'{0x00000000857cdc50}: org/springframework/beans/factory/AwareCustomizer> (0x00000000857cdc50) 
thrown [e:\jenkins\tmp\workspace\build\src\src\hotspot\share\classfile\systemDictionary.cpp, line 256]
Event: 2.040 Thread 0x0000027903607b30 Exception <a 'java/lang/ClassNotFoundException'{0x00000000857d24c0}: org/springframework/web/context/ServletContextAwareCustomizer> (0x00000000857d24c0) 
thrown [e:\jenkins\tmp\workspace\build\src\src\hotspot\share\classfile\systemDictionary.cpp, line 256]
Event: 2.040 Thread 0x0000027903607b30 Exception <a 'java/lang/ClassNotFoundException'{0x00000000857d7d80}: org/springframework/beans/factory/AwareCustomizer> (0x00000000857d7d80) 
thrown [e:\jenkins\tmp\workspace\build\src\src\hotspot\share\classfile\systemDictionary.cpp, line 256]
Event: 2.043 Thread 0x00000279128a7700 Exception <a 'java/lang/reflect/InvocationTargetException'{0x0000000085601bc0}> (0x0000000085601bc0) 
thrown [e:\jenkins\tmp\workspace\build\src\src\hotspot\share\runtime\reflection.cpp, line 1121]
Event: 2.120 Thread 0x0000027903607b30 Exception <a 'java/lang/NoSuchMethodError'{0x0000000085137ed8}: 'void java.lang.invoke.DirectMethodHandle$Holder.invokeVirtual(java.lang.Object, java.lang.Object, int)'> (0x0000000085137ed8) 
thrown [e:\jenkins\tmp\workspace\build\src\src\hotspot\share\interpreter\linkResolver.cpp, line 766]
Event: 2.121 Thread 0x0000027903607b30 Exception <a 'java/lang/NoSuchMethodError'{0x0000000085152a30}: 'void java.lang.invoke.DirectMethodHandle$Holder.invokeVirtual(java.lang.Object, java.lang.Object, long)'> (0x0000000085152a30) 
thrown [e:\jenkins\tmp\workspace\build\src\src\hotspot\share\interpreter\linkResolver.cpp, line 766]
Event: 2.195 Thread 0x0000027903607b30 Exception <a 'java/lang/IncompatibleClassChangeError'{0x0000000084c1c6d8}: Found class java.lang.Object, but interface was expected> (0x0000000084c1c6d8) 
thrown [e:\jenkins\tmp\workspace\build\src\src\hotspot\share\interpreter\linkResolver.cpp, line 833]
Event: 2.215 Thread 0x0000027903607b30 Exception <a 'java/lang/NoSuchMethodError'{0x0000000084b533b8}: 'int java.lang.invoke.DirectMethodHandle$Holder.invokeStaticInit(java.lang.Object, java.lang.Object, java.lang.Object, java.lang.Object)'> (0x0000000084b533b8) 
thrown [e:\jenkins\tmp\workspace\build\src\src\hotspot\share\interpreter\linkResolver.cpp, line 766]

VM Operations (20 events):
Event: 1.916 Executing VM operation: G1CollectForAllocation done
Event: 1.932 Executing VM operation: HandshakeAllThreads
Event: 1.932 Executing VM operation: HandshakeAllThreads done
Event: 1.954 Executing VM operation: G1CollectForAllocation
Event: 1.960 Executing VM operation: G1CollectForAllocation done
Event: 1.983 Executing VM operation: HandshakeAllThreads
Event: 1.983 Executing VM operation: HandshakeAllThreads done
Event: 1.984 Executing VM operation: HandshakeAllThreads
Event: 1.984 Executing VM operation: HandshakeAllThreads done
Event: 2.006 Executing VM operation: HandshakeAllThreads
Event: 2.006 Executing VM operation: HandshakeAllThreads done
Event: 2.052 Executing VM operation: HandshakeAllThreads
Event: 2.052 Executing VM operation: HandshakeAllThreads done
Event: 2.077 Executing VM operation: HandshakeAllThreads
Event: 2.077 Executing VM operation: HandshakeAllThreads done
Event: 2.133 Executing VM operation: HandshakeAllThreads
Event: 2.133 Executing VM operation: HandshakeAllThreads done
Event: 2.181 Executing VM operation: HandshakeAllThreads
Event: 2.181 Executing VM operation: HandshakeAllThreads done
Event: 2.248 Executing VM operation: CollectForMetadataAllocation

Events (20 events):
Event: 2.139 loading class java/nio/charset/UnsupportedCharsetException
Event: 2.139 loading class java/nio/charset/UnsupportedCharsetException done
Event: 2.152 loading class java/util/stream/ReduceOps$5
Event: 2.152 loading class java/util/stream/ReduceOps$5 done
Event: 2.152 loading class java/util/stream/ReduceOps$CountingSink$OfRef
Event: 2.152 loading class java/util/stream/ReduceOps$CountingSink
Event: 2.152 loading class java/util/stream/ReduceOps$CountingSink done
Event: 2.152 loading class java/util/stream/ReduceOps$CountingSink$OfRef done
Event: 2.170 loading class java/util/regex/PatternSyntaxException
Event: 2.170 loading class java/util/regex/PatternSyntaxException done
Event: 2.173 loading class java/util/Comparators$NullComparator
Event: 2.173 loading class java/util/Comparators$NullComparator done
Event: 2.221 loading class javax/management/modelmbean/ModelMBean
Event: 2.221 loading class javax/management/PersistentMBean
Event: 2.221 loading class javax/management/PersistentMBean done
Event: 2.221 loading class javax/management/modelmbean/ModelMBean done
Event: 2.222 loading class javax/management/modelmbean/ModelMBeanInfo
Event: 2.222 loading class javax/management/modelmbean/ModelMBeanInfo done
Event: 2.225 loading class javax/management/Attribute
Event: 2.225 loading class javax/management/Attribute done


Dynamic libraries:
0x00007ff774490000 - 0x00007ff77449e000 	D:\Sprint boot ide\sts-4.13.0.RELEASE\plugins\org.eclipse.justj.openjdk.hotspot.jre.full.win32.x86_64_17.0.1.v20211116-1657\jre\bin\javaw.exe
0x00007ffd74830000 - 0x00007ffd74a25000 	C:\Windows\SYSTEM32\ntdll.dll
0x00007ffd743f0000 - 0x00007ffd744ad000 	C:\Windows\System32\KERNEL32.DLL
0x00007ffd72590000 - 0x00007ffd72859000 	C:\Windows\System32\KERNELBASE.dll
0x00007ffd6f570000 - 0x00007ffd6f600000 	C:\Windows\SYSTEM32\apphelp.dll
0x00007ffd72170000 - 0x00007ffd72270000 	C:\Windows\System32\ucrtbase.dll
0x00007ffd6ea20000 - 0x00007ffd6ea38000 	D:\Sprint boot ide\sts-4.13.0.RELEASE\plugins\org.eclipse.justj.openjdk.hotspot.jre.full.win32.x86_64_17.0.1.v20211116-1657\jre\bin\jli.dll
0x00007ffd6e580000 - 0x00007ffd6e599000 	D:\Sprint boot ide\sts-4.13.0.RELEASE\plugins\org.eclipse.justj.openjdk.hotspot.jre.full.win32.x86_64_17.0.1.v20211116-1657\jre\bin\VCRUNTIME140.dll
0x00007ffd73760000 - 0x00007ffd73900000 	C:\Windows\System32\USER32.dll
0x00007ffd72860000 - 0x00007ffd72882000 	C:\Windows\System32\win32u.dll
0x00007ffd64210000 - 0x00007ffd644aa000 	C:\Windows\WinSxS\amd64_microsoft.windows.common-controls_6595b64144ccf1df_6.0.19041.1110_none_60b5254171f9507e\COMCTL32.dll
0x00007ffd73730000 - 0x00007ffd7375a000 	C:\Windows\System32\GDI32.dll
0x00007ffd74210000 - 0x00007ffd742ae000 	C:\Windows\System32\msvcrt.dll
0x00007ffd72480000 - 0x00007ffd7258b000 	C:\Windows\System32\gdi32full.dll
0x00007ffd72270000 - 0x00007ffd7230d000 	C:\Windows\System32\msvcp_win.dll
0x00007ffd741e0000 - 0x00007ffd74210000 	C:\Windows\System32\IMM32.DLL
0x00007ffd6ea00000 - 0x00007ffd6ea0c000 	D:\Sprint boot ide\sts-4.13.0.RELEASE\plugins\org.eclipse.justj.openjdk.hotspot.jre.full.win32.x86_64_17.0.1.v20211116-1657\jre\bin\vcruntime140_1.dll
0x00007ffd39f80000 - 0x00007ffd3a011000 	D:\Sprint boot ide\sts-4.13.0.RELEASE\plugins\org.eclipse.justj.openjdk.hotspot.jre.full.win32.x86_64_17.0.1.v20211116-1657\jre\bin\msvcp140.dll
0x00007ffd12540000 - 0x00007ffd13186000 	D:\Sprint boot ide\sts-4.13.0.RELEASE\plugins\org.eclipse.justj.openjdk.hotspot.jre.full.win32.x86_64_17.0.1.v20211116-1657\jre\bin\server\jvm.dll
0x00007ffd72fd0000 - 0x00007ffd7307c000 	C:\Windows\System32\ADVAPI32.dll
0x00007ffd72d10000 - 0x00007ffd72dab000 	C:\Windows\System32\sechost.dll
0x00007ffd746c0000 - 0x00007ffd747ea000 	C:\Windows\System32\RPCRT4.dll
0x00007ffd72e10000 - 0x00007ffd72e18000 	C:\Windows\System32\PSAPI.DLL
0x00007ffd5ec50000 - 0x00007ffd5ec59000 	C:\Windows\SYSTEM32\WSOCK32.dll
0x00007ffd65610000 - 0x00007ffd65637000 	C:\Windows\SYSTEM32\WINMM.dll
0x00007ffd73650000 - 0x00007ffd736bb000 	C:\Windows\System32\WS2_32.dll
0x00007ffd6aac0000 - 0x00007ffd6aaca000 	C:\Windows\SYSTEM32\VERSION.dll
0x00007ffd70b40000 - 0x00007ffd70b52000 	C:\Windows\SYSTEM32\kernel.appcore.dll
0x00007ffd6eab0000 - 0x00007ffd6eaba000 	D:\Sprint boot ide\sts-4.13.0.RELEASE\plugins\org.eclipse.justj.openjdk.hotspot.jre.full.win32.x86_64_17.0.1.v20211116-1657\jre\bin\jimage.dll
0x00007ffd70810000 - 0x00007ffd709f4000 	C:\Windows\SYSTEM32\DBGHELP.DLL
0x00007ffd59770000 - 0x00007ffd5979c000 	C:\Windows\SYSTEM32\dbgcore.DLL
0x00007ffd72310000 - 0x00007ffd72393000 	C:\Windows\System32\bcryptPrimitives.dll
0x00007ffd64750000 - 0x00007ffd64775000 	D:\Sprint boot ide\sts-4.13.0.RELEASE\plugins\org.eclipse.justj.openjdk.hotspot.jre.full.win32.x86_64_17.0.1.v20211116-1657\jre\bin\java.dll
0x00007ffd6b4b0000 - 0x00007ffd6b4c8000 	D:\Sprint boot ide\sts-4.13.0.RELEASE\plugins\org.eclipse.justj.openjdk.hotspot.jre.full.win32.x86_64_17.0.1.v20211116-1657\jre\bin\zip.dll
0x00007ffd73900000 - 0x00007ffd7403f000 	C:\Windows\System32\SHELL32.dll
0x00007ffd6fd60000 - 0x00007ffd704f0000 	C:\Windows\SYSTEM32\windows.storage.dll
0x00007ffd73240000 - 0x00007ffd73595000 	C:\Windows\System32\combase.dll
0x00007ffd71950000 - 0x00007ffd7197c000 	C:\Windows\SYSTEM32\Wldp.dll
0x00007ffd735a0000 - 0x00007ffd7364e000 	C:\Windows\System32\SHCORE.dll
0x00007ffd72db0000 - 0x00007ffd72e05000 	C:\Windows\System32\shlwapi.dll
0x00007ffd71ea0000 - 0x00007ffd71ebf000 	C:\Windows\SYSTEM32\profapi.dll
0x00007ffd68470000 - 0x00007ffd68489000 	D:\Sprint boot ide\sts-4.13.0.RELEASE\plugins\org.eclipse.justj.openjdk.hotspot.jre.full.win32.x86_64_17.0.1.v20211116-1657\jre\bin\net.dll
0x00007ffd63640000 - 0x00007ffd63748000 	C:\Windows\SYSTEM32\WINHTTP.dll
0x00007ffd716b0000 - 0x00007ffd7171a000 	C:\Windows\system32\mswsock.dll
0x00007ffd64f80000 - 0x00007ffd64f95000 	D:\Sprint boot ide\sts-4.13.0.RELEASE\plugins\org.eclipse.justj.openjdk.hotspot.jre.full.win32.x86_64_17.0.1.v20211116-1657\jre\bin\nio.dll
0x00007ffd6e570000 - 0x00007ffd6e579000 	D:\Sprint boot ide\sts-4.13.0.RELEASE\plugins\org.eclipse.justj.openjdk.hotspot.jre.full.win32.x86_64_17.0.1.v20211116-1657\jre\bin\management.dll
0x00007ffd6dfe0000 - 0x00007ffd6dfeb000 	D:\Sprint boot ide\sts-4.13.0.RELEASE\plugins\org.eclipse.justj.openjdk.hotspot.jre.full.win32.x86_64_17.0.1.v20211116-1657\jre\bin\management_ext.dll
0x00007ffd696e0000 - 0x00007ffd696f7000 	C:\Windows\system32\napinsp.dll
0x00007ffd68330000 - 0x00007ffd6834b000 	C:\Windows\system32\pnrpnsp.dll
0x00007ffd6c970000 - 0x00007ffd6c985000 	C:\Windows\system32\wshbth.dll
0x00007ffd6d510000 - 0x00007ffd6d52d000 	C:\Windows\system32\NLAapi.dll
0x00007ffd713a0000 - 0x00007ffd713db000 	C:\Windows\SYSTEM32\IPHLPAPI.DLL
0x00007ffd713e0000 - 0x00007ffd714ac000 	C:\Windows\SYSTEM32\DNSAPI.dll
0x00007ffd743e0000 - 0x00007ffd743e8000 	C:\Windows\System32\NSI.dll
0x00007ffd68310000 - 0x00007ffd68322000 	C:\Windows\System32\winrnr.dll
0x00007ffd6ab30000 - 0x00007ffd6ab3a000 	C:\Windows\System32\rasadhlp.dll
0x00007ffd639c0000 - 0x00007ffd63a3f000 	C:\Windows\System32\fwpuclnt.dll
0x00007ffd723a0000 - 0x00007ffd723c7000 	C:\Windows\System32\bcrypt.dll
0x00007ffd718b0000 - 0x00007ffd718c8000 	C:\Windows\SYSTEM32\CRYPTSP.dll
0x00007ffd71030000 - 0x00007ffd71064000 	C:\Windows\system32\rsaenh.dll
0x00007ffd71e20000 - 0x00007ffd71e4e000 	C:\Windows\SYSTEM32\USERENV.dll
0x00007ffd718a0000 - 0x00007ffd718ac000 	C:\Windows\SYSTEM32\CRYPTBASE.dll
0x00007ffd66d40000 - 0x00007ffd66d57000 	C:\Windows\SYSTEM32\dhcpcsvc6.DLL
0x00007ffd685f0000 - 0x00007ffd6860d000 	C:\Windows\SYSTEM32\dhcpcsvc.DLL
0x00007ffd6ddf0000 - 0x00007ffd6de00000 	D:\Sprint boot ide\sts-4.13.0.RELEASE\plugins\org.eclipse.justj.openjdk.hotspot.jre.full.win32.x86_64_17.0.1.v20211116-1657\jre\bin\verify.dll

dbghelp: loaded successfully - version: 4.0.5 - missing functions: none
symbol engine: initialized successfully - sym options: 0x614 - pdb path: .;D:\Sprint boot ide\sts-4.13.0.RELEASE\plugins\org.eclipse.justj.openjdk.hotspot.jre.full.win32.x86_64_17.0.1.v20211116-1657\jre\bin;C:\Windows\SYSTEM32;C:\Windows\WinSxS\amd64_microsoft.windows.common-controls_6595b64144ccf1df_6.0.19041.1110_none_60b5254171f9507e;D:\Sprint boot ide\sts-4.13.0.RELEASE\plugins\org.eclipse.justj.openjdk.hotspot.jre.full.win32.x86_64_17.0.1.v20211116-1657\jre\bin\server

VM Arguments:
jvm_args: -Dcom.sun.management.jmxremote -Dcom.sun.management.jmxremote.port=49961 -Dcom.sun.management.jmxremote.authenticate=false -Dcom.sun.management.jmxremote.ssl=false -Djava.rmi.server.hostname=localhost -Dspring.jmx.enabled=true -Dspring.application.admin.enabled=true -XX:TieredStopAtLevel=1 -Dspring.boot.project.name=spring_test -Dfile.encoding=UTF-8 -XX:+ShowCodeDetailsInExceptionMessages 
java_command: com.naim.spring_test.SpringTestApplication --spring.output.ansi.enabled=always
java_class_path (initial): C:\Users\DELL\Downloads\spring_test\target\classes;C:\Users\DELL\.m2\repository\org\springframework\boot\spring-boot-starter-web\3.0.0-SNAPSHOT\spring-boot-starter-web-3.0.0-SNAPSHOT.jar;C:\Users\DELL\.m2\repository\org\springframework\boot\spring-boot-starter\3.0.0-SNAPSHOT\spring-boot-starter-3.0.0-SNAPSHOT.jar;C:\Users\DELL\.m2\repository\org\springframework\boot\spring-boot\3.0.0-SNAPSHOT\spring-boot-3.0.0-SNAPSHOT.jar;C:\Users\DELL\.m2\repository\org\springframework\boot\spring-boot-autoconfigure\3.0.0-SNAPSHOT\spring-boot-autoconfigure-3.0.0-SNAPSHOT.jar;C:\Users\DELL\.m2\repository\org\springframework\boot\spring-boot-starter-logging\3.0.0-SNAPSHOT\spring-boot-starter-logging-3.0.0-SNAPSHOT.jar;C:\Users\DELL\.m2\repository\ch\qos\logback\logback-classic\1.2.10\logback-classic-1.2.10.jar;C:\Users\DELL\.m2\repository\ch\qos\logback\logback-core\1.2.10\logback-core-1.2.10.jar;C:\Users\DELL\.m2\repository\org\apache\logging\log4j\log4j-to-slf4j\2.17.1\log4j-to-slf4j-2.17.1.jar;C:\Users\DELL\.m2\repository\org\apache\logging\log4j\log4j-api\2.17.1\log4j-api-2.17.1.jar;C:\Users\DELL\.m2\repository\org\slf4j\jul-to-slf4j\1.7.33\jul-to-slf4j-1.7.33.jar;C:\Users\DELL\.m2\repository\jakarta\annotation\jakarta.annotation-api\2.0.0\jakarta.annotation-api-2.0.0.jar;C:\Users\DELL\.m2\repository\org\yaml\snakeyaml\1.30\snakeyaml-1.30.jar;C:\Users\DELL\.m2\repository\org\springframework\boot\spring-boot-starter-json\3.0.0-SNAPSHOT\spring-boot-starter-json-3.0.0-SNAPSHOT.jar;C:\Users\DELL\.m2\repository\com\fasterxml\jackson\core\jackson-databind\2.13.1\jackson-databind-2.13.1.jar;C:\Users\DELL\.m2\repository\com\fasterxml\jackson\core\jackson-annotations\2.13.1\jackson-annotations-2.13.1.jar;C:\Users\DELL\.m2\repository\com\fasterxml\jackson\core\jackson-core\2.13.1\jackson-core-2.13.1.jar;C:\Users\DELL\.m2\repository\com\fasterxml\jackson\datatype\jackson-datatype-jdk8\2.13.1\jackson-datatype-jdk8-2.13.1.jar;C:\Users\DELL\.m2\repository\com\fast
Launcher Type: SUN_STANDARD

[Global flags]
     intx CICompilerCount                          = 4                                         {product} {ergonomic}
     uint ConcGCThreads                            = 2                                         {product} {ergonomic}
     uint G1ConcRefinementThreads                  = 8                                         {product} {ergonomic}
   size_t G1HeapRegionSize                         = 1048576                                   {product} {ergonomic}
    uintx GCDrainStackTargetSize                   = 64                                        {product} {ergonomic}
   size_t InitialHeapSize                          = 134217728                                 {product} {ergonomic}
     bool ManagementServer                         = true                                      {product} {command line}
   size_t MarkStackSize                            = 4194304                                   {product} {ergonomic}
   size_t MaxHeapSize                              = 2122317824                                {product} {ergonomic}
   size_t MaxNewSize                               = 1272971264                                {product} {ergonomic}
   size_t MinHeapDeltaBytes                        = 1048576                                   {product} {ergonomic}
   size_t MinHeapSize                              = 8388608                                   {product} {ergonomic}
    uintx NonProfiledCodeHeapSize                  = 0                                      {pd product} {ergonomic}
     bool ProfileInterpreter                       = false                                  {pd product} {command line}
    uintx ProfiledCodeHeapSize                     = 0                                      {pd product} {ergonomic}
     bool ShowCodeDetailsInExceptionMessages       = true                                   {manageable} {command line}
   size_t SoftMaxHeapSize                          = 2122317824                             {manageable} {ergonomic}
     intx TieredStopAtLevel                        = 1                                         {product} {command line}
     bool UseCompressedClassPointers               = true                           {product lp64_product} {ergonomic}
     bool UseCompressedOops                        = true                           {product lp64_product} {ergonomic}
     bool UseG1GC                                  = true                                      {product} {ergonomic}
     bool UseLargePagesIndividualAllocation        = false                                  {pd product} {ergonomic}

Logging:
Log output configuration:
 #0: stdout all=warning uptime,level,tags
 #1: stderr all=off uptime,level,tags

Environment Variables:
PATH=D:/Sprint boot ide/sts-4.13.0.RELEASE//plugins/org.eclipse.justj.openjdk.hotspot.jre.full.win32.x86_64_17.0.1.v20211116-1657/jre/bin/server;D:/Sprint boot ide/sts-4.13.0.RELEASE//plugins/org.eclipse.justj.openjdk.hotspot.jre.full.win32.x86_64_17.0.1.v20211116-1657/jre/bin;C:\Windows\system32;C:\Windows;C:\Windows\System32\Wbem;C:\Windows\System32\WindowsPowerShell\v1.0\;C:\Windows\System32\OpenSSH\;C:\Program Files\TortoiseGit\bin;C:\Program Files\Git\cmd;C:\Program Files\MySQL\MySQL Shell 8.0\bin\;C:\Users\DELL\AppData\Local\Programs\Python\Python39\Scripts\;C:\Users\DELL\AppData\Local\Programs\Python\Python39\;C:\Users\DELL\AppData\Local\Microsoft\WindowsApps;;C:\Program Files\JetBrains\PyCharm Community Edition 2021.1\bin;;D:\Sprint boot ide\sts-4.13.0.RELEASE;
USERNAME=DELL
OS=Windows_NT
PROCESSOR_IDENTIFIER=Intel64 Family 6 Model 142 Stepping 10, GenuineIntel



---------------  S Y S T E M  ---------------

OS:
 Windows 10 , 64 bit Build 19041 (10.0.19041.1151)
OS uptime: 9 days 12:23 hours

CPU: total 8 (initial active 8) (4 cores per cpu, 2 threads per core) family 6 model 142 stepping 10 microcode 0xea, cx8, cmov, fxsr, ht, mmx, 3dnowpref, sse, sse2, sse3, ssse3, sse4.1, sse4.2, popcnt, lzcnt, tsc, tscinvbit, avx, avx2, aes, erms, clmul, bmi1, bmi2, adx, fma, vzeroupper, clflush, clflushopt

Memory: 4k page, system-wide physical 8089M (1398M free)
TotalPageFile size 16310M (AvailPageFile size 6261M)
current process WorkingSet (physical memory assigned to process): 158M, peak: 158M
current process commit charge ("private bytes"): 193M, peak: 232M

vm_info: OpenJDK 64-Bit Server VM (17.0.1+12) for windows-amd64 JRE (17.0.1+12), built on Oct 20 2021 07:42:55 by "" with MS VC++ 16.7 (VS2019)

END.
